<?xml version="1.0" encoding="UTF-8"?>
<!-- Generated by org.testng.reporters.JUnitReportReporter -->
<testsuite hostname="PC350015" name="Others.Credit_Customer_Login" tests="1" failures="0" timestamp="20 Feb 2018 09:52:41 GMT" time="51.887" errors="0">
  <testcase name="CreditCustomerLogin" time="51.887" classname="Others.Credit_Customer_Login"/>
</testsuite> <!-- Others.Credit_Customer_Login -->
