<?xml version="1.0" encoding="UTF-8"?>
<!-- Generated by org.testng.reporters.JUnitReportReporter -->
<testsuite hostname="PC350015" name="Accomodation.Find_Booking_With_Passenger_Name" tests="1" failures="0" timestamp="17 Sep 2018 13:18:23 GMT" time="90.241" errors="0">
  <testcase name="FindBookingWithPassengerName" time="90.241" classname="Accomodation.Find_Booking_With_Passenger_Name"/>
</testsuite> <!-- Accomodation.Find_Booking_With_Passenger_Name -->
