<?xml version="1.0" encoding="UTF-8"?>
<!-- Generated by org.testng.reporters.JUnitReportReporter -->
<testsuite hostname="PC350015" name="Accomodation.Accomodation_Booking_Documents" tests="1" failures="0" timestamp="27 Feb 2018 12:22:03 GMT" time="93.404" errors="0">
  <testcase name="AccomodationBookingDocuments" time="93.404" classname="Accomodation.Accomodation_Booking_Documents"/>
</testsuite> <!-- Accomodation.Accomodation_Booking_Documents -->
