<?xml version="1.0" encoding="UTF-8"?>
<!-- Generated by org.testng.reporters.JUnitReportReporter -->
<testsuite hostname="PC350015" name="Accomodation.Cancel_Booking" tests="1" failures="0" timestamp="26 Feb 2018 14:18:21 GMT" time="93.623" errors="0">
  <testcase name="CancelBooking" time="93.623" classname="Accomodation.Cancel_Booking"/>
</testsuite> <!-- Accomodation.Cancel_Booking -->
