<?xml version="1.0" encoding="UTF-8"?>
<!-- Generated by org.testng.reporters.JUnitReportReporter -->
<testsuite hostname="PC350015" name="Others.Supplier_Login" tests="1" failures="0" timestamp="21 Feb 2018 07:33:56 GMT" time="19.983" errors="0">
  <testcase name="SupplierLogin" time="19.983" classname="Others.Supplier_Login"/>
</testsuite> <!-- Others.Supplier_Login -->
