<?xml version="1.0" encoding="UTF-8"?>
<!-- Generated by org.testng.reporters.JUnitReportReporter -->
<testsuite hostname="PC350015" name="Transfer.Transfer_Search" tests="1" failures="0" timestamp="2 Mar 2018 10:22:12 GMT" time="74.191" errors="0">
  <testcase name="TransferSearch" time="74.191" classname="Transfer.Transfer_Search"/>
</testsuite> <!-- Transfer.Transfer_Search -->
