<?xml version="1.0" encoding="UTF-8"?>
<!-- Generated by org.testng.reporters.JUnitReportReporter -->
<testsuite hostname="PC350015" name="Others.Register_Prepay_Customer" tests="1" failures="0" timestamp="22 Feb 2018 14:23:02 GMT" time="63.356" errors="0">
  <testcase name="RegisterPrepayCustomer" time="63.356" classname="Others.Register_Prepay_Customer"/>
</testsuite> <!-- Others.Register_Prepay_Customer -->
