<?xml version="1.0" encoding="UTF-8"?>
<!-- Generated by org.testng.reporters.JUnitReportReporter -->
<testsuite hostname="PC350015" name="Accomodation.Accommodation_Book_DOTW_Room_Outside_Cancellation" tests="1" failures="0" timestamp="17 Sep 2018 13:18:23 GMT" time="74.155" errors="0">
  <testcase name="AccommodationBookDOTWRoomOutsideCancellation" time="74.155" classname="Accomodation.Accommodation_Book_DOTW_Room_Outside_Cancellation"/>
</testsuite> <!-- Accomodation.Accommodation_Book_DOTW_Room_Outside_Cancellation -->
