<?xml version="1.0" encoding="UTF-8"?>
<!-- Generated by org.testng.reporters.JUnitReportReporter -->
<testsuite hostname="PC350015" name="Accomodation.Accommodation_Book_DOTW_Multi_Room_Outside_Cancellation" tests="1" failures="0" timestamp="17 Sep 2018 13:18:22 GMT" time="85.583" errors="0">
  <testcase name="AccommodationBookDOTWMultiRoomOutsideCancellation" time="85.583" classname="Accomodation.Accommodation_Book_DOTW_Multi_Room_Outside_Cancellation"/>
</testsuite> <!-- Accomodation.Accommodation_Book_DOTW_Multi_Room_Outside_Cancellation -->
