<?xml version="1.0" encoding="UTF-8"?>
<!-- Generated by org.testng.reporters.JUnitReportReporter -->
<testsuite hostname="PC350015" name="Accomodation.Accommodation_Book_Direct_Room_Outside_Cancellation" tests="1" failures="0" timestamp="17 Sep 2018 13:18:22 GMT" time="123.171" errors="0">
  <testcase name="AccommodationBookDirectRoomOutsideCancellation" time="123.171" classname="Accomodation.Accommodation_Book_Direct_Room_Outside_Cancellation"/>
</testsuite> <!-- Accomodation.Accommodation_Book_Direct_Room_Outside_Cancellation -->
