<?xml version="1.0" encoding="UTF-8"?>
<!-- Generated by org.testng.reporters.JUnitReportReporter -->
<testsuite hostname="PC350015" name="Accomodation.Accomodation_Booking_Documents" tests="1" failures="0" timestamp="17 Sep 2018 13:18:23 GMT" time="79.420" errors="0">
  <testcase name="AccomodationBookingDocuments" time="79.420" classname="Accomodation.Accomodation_Booking_Documents"/>
</testsuite> <!-- Accomodation.Accomodation_Booking_Documents -->
