<?xml version="1.0" encoding="UTF-8"?>
<!-- Generated by org.testng.reporters.JUnitReportReporter -->
<testsuite hostname="PC350015" name="Accomodation.Accomodation_Book_Adult_With_Children" tests="1" failures="0" timestamp="17 Sep 2018 13:18:23 GMT" time="104.533" errors="0">
  <testcase name="AccomodationBookAdultWithChildren" time="104.533" classname="Accomodation.Accomodation_Book_Adult_With_Children"/>
</testsuite> <!-- Accomodation.Accomodation_Book_Adult_With_Children -->
