<?xml version="1.0" encoding="UTF-8"?>
<!-- Generated by org.testng.reporters.JUnitReportReporter -->
<testsuite hostname="PC350015" name="Transfer.Transfer_Booking_Scheduled" tests="1" failures="0" timestamp="2 Mar 2018 12:46:17 GMT" time="103.114" errors="0">
  <testcase name="TransferBookingScheduled" time="103.114" classname="Transfer.Transfer_Booking_Scheduled"/>
</testsuite> <!-- Transfer.Transfer_Booking_Scheduled -->
