<?xml version="1.0" encoding="UTF-8"?>
<!-- Generated by org.testng.reporters.JUnitReportReporter -->
<testsuite hostname="PC350015" name="Others.XML_Customer_Login" tests="1" failures="0" timestamp="20 Feb 2018 11:21:27 GMT" time="45.471" errors="0">
  <testcase name="XMLCustomerLogin" time="45.471" classname="Others.XML_Customer_Login"/>
</testsuite> <!-- Others.XML_Customer_Login -->
