<?xml version="1.0" encoding="UTF-8"?>
<!-- Generated by org.testng.reporters.JUnitReportReporter -->
<testsuite hostname="PC350015" name="Accomodation.Accomodation_Book_Adult_With_Children" tests="1" failures="0" timestamp="23 Feb 2018 11:17:55 GMT" time="97.507" errors="0">
  <testcase name="AccomodationBookAdultWithChildren" time="97.507" classname="Accomodation.Accomodation_Book_Adult_With_Children"/>
</testsuite> <!-- Accomodation.Accomodation_Book_Adult_With_Children -->
