<?xml version="1.0" encoding="UTF-8"?>
<!-- Generated by org.testng.reporters.JUnitReportReporter -->
<testsuite hostname="PC350015" name="Accomodation.Accommodation_Book_DOTW_Multi_Room_Outside_Cancellation" tests="1" failures="0" timestamp="26 Feb 2018 12:23:02 GMT" time="79.536" errors="0">
  <testcase name="AccommodationBookDOTWMultiRoomOutsideCancellation" time="79.536" classname="Accomodation.Accommodation_Book_DOTW_Multi_Room_Outside_Cancellation"/>
</testsuite> <!-- Accomodation.Accommodation_Book_DOTW_Multi_Room_Outside_Cancellation -->
