<?xml version="1.0" encoding="UTF-8"?>
<!-- Generated by org.testng.reporters.JUnitReportReporter -->
<testsuite hostname="PC350015" name="Accomodation.Accommodation_Book_Direct_Multi_Room_Outside_Cancellation" tests="1" failures="0" timestamp="26 Feb 2018 12:52:37 GMT" time="78.962" errors="0">
  <testcase name="AccommodationBookDirectMultiRoomOutsideCancellation" time="78.962" classname="Accomodation.Accommodation_Book_Direct_Multi_Room_Outside_Cancellation"/>
</testsuite> <!-- Accomodation.Accommodation_Book_Direct_Multi_Room_Outside_Cancellation -->
