<?xml version="1.0" encoding="UTF-8"?>
<!-- Generated by org.testng.reporters.JUnitReportReporter -->
<testsuite hostname="PC350015" name="Accomodation.Accommodation_Book_Direct_Room_Outside_Cancellation" tests="1" failures="0" timestamp="26 Feb 2018 08:17:42 GMT" time="97.846" errors="0">
  <testcase name="AccommodationBookDirectRoomOutsideCancellation" time="97.846" classname="Accomodation.Accommodation_Book_Direct_Room_Outside_Cancellation"/>
</testsuite> <!-- Accomodation.Accommodation_Book_Direct_Room_Outside_Cancellation -->
