<?xml version="1.0" encoding="UTF-8"?>
<!-- Generated by org.testng.reporters.JUnitReportReporter -->
<testsuite hostname="PC350015" name="Accomodation.Amend_Booking" tests="1" failures="0" timestamp="27 Feb 2018 10:11:36 GMT" time="119.799" errors="0">
  <testcase name="AmendBooking" time="119.799" classname="Accomodation.Amend_Booking"/>
</testsuite> <!-- Accomodation.Amend_Booking -->
