<?xml version="1.0" encoding="UTF-8"?>
<!-- Generated by org.testng.reporters.JUnitReportReporter -->
<testsuite hostname="PC350015" name="Tour.Find_Tour_Booking" tests="1" failures="0" timestamp="2 Mar 2018 09:27:22 GMT" time="118.841" errors="0">
  <testcase name="FindTourBooking" time="118.841" classname="Tour.Find_Tour_Booking"/>
</testsuite> <!-- Tour.Find_Tour_Booking -->
