<?xml version="1.0" encoding="UTF-8"?>
<!-- Generated by org.testng.reporters.JUnitReportReporter -->
<testsuite hostname="PC350015" name="Others.Credit_Customer_Login" tests="1" failures="0" timestamp="17 Sep 2018 13:18:23 GMT" time="23.676" errors="0">
  <testcase name="CreditCustomerLogin" time="23.676" classname="Others.Credit_Customer_Login"/>
</testsuite> <!-- Others.Credit_Customer_Login -->
