<?xml version="1.0" encoding="UTF-8"?>
<!-- Generated by org.testng.reporters.JUnitReportReporter -->
<testsuite hostname="PC350015" name="Others.Prepay_Customer_Login" tests="1" failures="0" timestamp="17 Sep 2018 13:18:23 GMT" time="25.198" errors="0">
  <testcase name="PrepayCustomerLogin" time="25.198" classname="Others.Prepay_Customer_Login"/>
</testsuite> <!-- Others.Prepay_Customer_Login -->
