<?xml version="1.0" encoding="UTF-8"?>
<!-- Generated by org.testng.reporters.JUnitReportReporter -->
<testsuite hostname="PC350015" name="Transfer.Transfer_Booking_Private" tests="1" failures="0" timestamp="2 Mar 2018 12:19:30 GMT" time="122.476" errors="0">
  <testcase name="TransferBookingPrivate" time="122.476" classname="Transfer.Transfer_Booking_Private"/>
</testsuite> <!-- Transfer.Transfer_Booking_Private -->
