<?xml version="1.0" encoding="UTF-8"?>
<!-- Generated by org.testng.reporters.JUnitReportReporter -->
<testsuite hostname="PC350015" name="Others.Register_Credit_Customer" tests="1" failures="0" timestamp="22 Feb 2018 11:02:50 GMT" time="64.530" errors="0">
  <testcase name="RegisterCreditCustomer" time="64.530" classname="Others.Register_Credit_Customer"/>
</testsuite> <!-- Others.Register_Credit_Customer -->
