<?xml version="1.0" encoding="UTF-8"?>
<!-- Generated by org.testng.reporters.JUnitReportReporter -->
<testsuite hostname="PC350015" name="Accomodation.Accommodation_Book_DOTW_Room_Outside_Cancellation" tests="1" failures="0" timestamp="26 Feb 2018 06:57:50 GMT" time="60.265" errors="0">
  <testcase name="AccommodationBookDOTWRoomOutsideCancellation" time="60.265" classname="Accomodation.Accommodation_Book_DOTW_Room_Outside_Cancellation"/>
</testsuite> <!-- Accomodation.Accommodation_Book_DOTW_Room_Outside_Cancellation -->
