<?xml version="1.0" encoding="UTF-8"?>
<!-- Generated by org.testng.reporters.JUnitReportReporter -->
<testsuite hostname="PC350015" name="Others.Pending_Payments" tests="1" failures="0" timestamp="28 Feb 2018 10:41:18 GMT" time="94.975" errors="0">
  <testcase name="PendingPayments" time="94.975" classname="Others.Pending_Payments"/>
</testsuite> <!-- Others.Pending_Payments -->
