<?xml version="1.0" encoding="UTF-8"?>
<!-- Generated by org.testng.reporters.JUnitReportReporter -->
<testsuite hostname="PC350015" name="Accomodation.Accommodation_Book_Extra_Meal" tests="1" failures="0" timestamp="17 Sep 2018 13:18:23 GMT" time="118.277" errors="0">
  <testcase name="AccommodationBookExtraMeal" time="118.277" classname="Accomodation.Accommodation_Book_Extra_Meal"/>
</testsuite> <!-- Accomodation.Accommodation_Book_Extra_Meal -->
