<?xml version="1.0" encoding="UTF-8"?>
<!-- Generated by org.testng.reporters.JUnitReportReporter -->
<testsuite hostname="PC350015" name="Accomodation.Accommodation_Book_Third_Party_Room_Outside_Cancellation" tests="1" failures="0" timestamp="26 Feb 2018 08:32:02 GMT" time="77.808" errors="0">
  <testcase name="AccommodationBookThirdPartyRoomOutsideCancellation" time="77.808" classname="Accomodation.Accommodation_Book_Third_Party_Room_Outside_Cancellation"/>
</testsuite> <!-- Accomodation.Accommodation_Book_Third_Party_Room_Outside_Cancellation -->
