<?xml version="1.0" encoding="UTF-8"?>
<!-- Generated by org.testng.reporters.JUnitReportReporter -->
<testsuite hostname="PC350015" name="Others.Inactive_Customer_LogIn" tests="1" failures="0" timestamp="21 Feb 2018 06:15:46 GMT" time="21.160" errors="0">
  <testcase name="InactiveCustomerCustomerLogin" time="21.160" classname="Others.Inactive_Customer_LogIn"/>
</testsuite> <!-- Others.Inactive_Customer_LogIn -->
