<?xml version="1.0" encoding="UTF-8"?>
<!-- Generated by org.testng.reporters.JUnitReportReporter -->
<testsuite hostname="PC350015" name="Others.Edit_Profile" tests="1" failures="0" timestamp="28 Feb 2018 12:30:50 GMT" time="61.112" errors="0">
  <testcase name="PendingPayments" time="61.112" classname="Others.Edit_Profile"/>
</testsuite> <!-- Others.Edit_Profile -->
