<?xml version="1.0" encoding="UTF-8"?>
<!-- Generated by org.testng.reporters.JUnitReportReporter -->
<testsuite hostname="PC350015" name="Accomodation.Accomodation_Search_With_Filters" tests="1" failures="0" timestamp="17 Sep 2018 13:18:22 GMT" time="39.293" errors="0">
  <testcase name="AccomodationSearchWithFilters" time="39.293" classname="Accomodation.Accomodation_Search_With_Filters"/>
</testsuite> <!-- Accomodation.Accomodation_Search_With_Filters -->
