<?xml version="1.0" encoding="UTF-8"?>
<!-- Generated by org.testng.reporters.JUnitReportReporter -->
<testsuite hostname="PC350015" name="Accomodation.Amend_Booking" tests="1" failures="0" timestamp="17 Sep 2018 13:18:23 GMT" time="131.388" errors="0">
  <testcase name="AmendBooking" time="131.388" classname="Accomodation.Amend_Booking"/>
</testsuite> <!-- Accomodation.Amend_Booking -->
