<?xml version="1.0" encoding="UTF-8"?>
<!-- Generated by org.testng.reporters.JUnitReportReporter -->
<testsuite hostname="PC350015" name="Tour.Book_Tour" tests="1" failures="0" timestamp="2 Mar 2018 12:22:22 GMT" time="116.603" errors="0">
  <testcase name="BookTour" time="116.603" classname="Tour.Book_Tour"/>
</testsuite> <!-- Tour.Book_Tour -->
