<?xml version="1.0" encoding="UTF-8"?>
<!-- Generated by org.testng.reporters.JUnitReportReporter -->
<testsuite hostname="PC350015" name="Others.Supplier_Login" tests="1" failures="0" timestamp="17 Sep 2018 13:18:23 GMT" time="20.856" errors="0">
  <testcase name="SupplierLogin" time="20.856" classname="Others.Supplier_Login"/>
</testsuite> <!-- Others.Supplier_Login -->
