<?xml version="1.0" encoding="UTF-8"?>
<!-- Generated by org.testng.reporters.JUnitReportReporter -->
<testsuite hostname="PC350015" name="Others.Inactive_Customer_LogIn" tests="1" failures="0" timestamp="17 Sep 2018 13:18:23 GMT" time="16.675" errors="0">
  <testcase name="InactiveCustomerCustomerLogin" time="16.675" classname="Others.Inactive_Customer_LogIn"/>
</testsuite> <!-- Others.Inactive_Customer_LogIn -->
