<?xml version="1.0" encoding="UTF-8"?>
<!-- Generated by org.testng.reporters.JUnitReportReporter -->
<testsuite hostname="PC350015" name="Accomodation.Find_Booking" tests="1" failures="0" timestamp="17 Sep 2018 13:18:22 GMT" time="86.621" errors="0">
  <testcase name="FindBooking" time="86.621" classname="Accomodation.Find_Booking"/>
</testsuite> <!-- Accomodation.Find_Booking -->
