<?xml version="1.0" encoding="UTF-8"?>
<!-- Generated by org.testng.reporters.JUnitReportReporter -->
<testsuite hostname="PC350015" name="Accomodation.Find_Booking" tests="1" failures="0" timestamp="28 Feb 2018 07:23:31 GMT" time="93.875" errors="0">
  <testcase name="FindBooking" time="93.875" classname="Accomodation.Find_Booking"/>
</testsuite> <!-- Accomodation.Find_Booking -->
