<?xml version="1.0" encoding="UTF-8"?>
<!-- Generated by org.testng.reporters.JUnitReportReporter -->
<testsuite hostname="PC350015" name="Others.Prepay_Customer_Login" tests="1" failures="0" timestamp="20 Feb 2018 10:36:53 GMT" time="51.350" errors="0">
  <testcase name="PrepayCustomerLogin" time="51.350" classname="Others.Prepay_Customer_Login"/>
</testsuite> <!-- Others.Prepay_Customer_Login -->
