<?xml version="1.0" encoding="UTF-8"?>
<!-- Generated by org.testng.reporters.JUnitReportReporter -->
<testsuite hostname="PC350015" name="Others.Edit_Profile" tests="1" failures="0" timestamp="17 Sep 2018 13:18:22 GMT" time="50.304" errors="0">
  <testcase name="EditProfile" time="50.304" classname="Others.Edit_Profile"/>
</testsuite> <!-- Others.Edit_Profile -->
