<?xml version="1.0" encoding="UTF-8"?>
<!-- Generated by org.testng.reporters.JUnitReportReporter -->
<testsuite hostname="PC350015" name="Tour.Search_Tour" tests="1" failures="0" timestamp="17 Sep 2018 13:18:23 GMT" time="47.925" errors="0">
  <testcase name="SearchTour" time="47.925" classname="Tour.Search_Tour"/>
</testsuite> <!-- Tour.Search_Tour -->
