<?xml version="1.0" encoding="UTF-8"?>
<!-- Generated by org.testng.reporters.JUnitReportReporter -->
<testsuite hostname="PC350015" name="Accomodation.Accomodation_Search_With_Filters" tests="1" failures="0" timestamp="23 Feb 2018 08:16:50 GMT" time="50.570" errors="0">
  <testcase name="AccomodationSearchWithFilters" time="50.570" classname="Accomodation.Accomodation_Search_With_Filters"/>
</testsuite> <!-- Accomodation.Accomodation_Search_With_Filters -->
