<?xml version="1.0" encoding="UTF-8"?>
<!-- Generated by org.testng.reporters.JUnitReportReporter -->
<testsuite hostname="PC350015" name="Others.Add_Edit_Sub_Customer" tests="1" failures="0" timestamp="28 Feb 2018 13:56:32 GMT" time="77.884" errors="0">
  <testcase name="AddEditSubCustomer" time="77.884" classname="Others.Add_Edit_Sub_Customer"/>
</testsuite> <!-- Others.Add_Edit_Sub_Customer -->
