<?xml version="1.0" encoding="UTF-8"?>
<!-- Generated by org.testng.reporters.JUnitReportReporter -->
<testsuite hostname="PC350015" name="Accomodation.Accommodation_Book_Extra_Meal" tests="1" failures="0" timestamp="26 Feb 2018 06:01:08 GMT" time="122.320" errors="0">
  <testcase name="AccommodationBookExtraMeal" time="122.320" classname="Accomodation.Accommodation_Book_Extra_Meal"/>
</testsuite> <!-- Accomodation.Accommodation_Book_Extra_Meal -->
