<?xml version="1.0" encoding="UTF-8"?>
<!-- Generated by org.testng.reporters.JUnitReportReporter -->
<testsuite hostname="PC350015" name="Others.Register_Credit_Card_Customer" tests="1" failures="0" timestamp="23 Feb 2018 10:03:49 GMT" time="61.371" errors="0">
  <testcase name="RegisterCreditCardCustomer" time="61.371" classname="Others.Register_Credit_Card_Customer"/>
</testsuite> <!-- Others.Register_Credit_Card_Customer -->
